\BOOKMARK [1][-]{section.1}{1 Gaussian random field and its challenge}{}% 1
\BOOKMARK [1][-]{section.2}{2 Several approaches to overcome the computational problem}{}% 2
\BOOKMARK [1][-]{section.3}{3 Likelihood approximations in the spectral domain}{}% 3
\BOOKMARK [2][-]{subsection.3.1}{3.1 Whittle\220s likelihood}{section.3}% 4
\BOOKMARK [1][-]{section.4}{4 Likelihood approximations in the spatial domain}{}% 5
\BOOKMARK [2][-]{subsection.4.1}{4.1 Low rank methods}{section.4}% 6
\BOOKMARK [3][-]{subsubsection.4.1.1}{4.1.1 Fixed rank Kriging}{subsection.4.1}% 7
\BOOKMARK [3][-]{subsubsection.4.1.2}{4.1.2 Gaussian predictive processes \(GPP\)}{subsection.4.1}% 8
\BOOKMARK [3][-]{subsubsection.4.1.3}{4.1.3 Multi-resolution approximations}{subsection.4.1}% 9
\BOOKMARK [2][-]{subsection.4.2}{4.2 Sparse covariance methods}{section.4}% 10
\BOOKMARK [3][-]{subsubsection.4.2.1}{4.2.1 Tapering}{subsection.4.2}% 11
\BOOKMARK [3][-]{subsubsection.4.2.2}{4.2.2 Spatial partitioning}{subsection.4.2}% 12
\BOOKMARK [2][-]{subsection.4.3}{4.3 Sparse precision methods}{section.4}% 13
\BOOKMARK [3][-]{subsubsection.4.3.1}{4.3.1 LatticeKrig}{subsection.4.3}% 14
\BOOKMARK [3][-]{subsubsection.4.3.2}{4.3.2 Gaussian Markov random field approximations by SPDE}{subsection.4.3}% 15
\BOOKMARK [3][-]{subsubsection.4.3.3}{4.3.3 The nearest neighbor Gaussian process}{subsection.4.3}% 16
\BOOKMARK [1][-]{section.5}{5 Two exploratory limitations of the NNGP approach}{}% 17
\BOOKMARK [2][-]{subsection.5.1}{5.1 Exploratory analysis }{section.5}% 18
\BOOKMARK [2][-]{subsection.5.2}{5.2 Improvement project}{section.5}% 19
\BOOKMARK [1][-]{section.6}{6 Machine Learning}{}% 20
\BOOKMARK [1][-]{section.7}{7 Others}{}% 21
